testing logs
testing logs
testing logs
testing logs
testing logs {u'id': 1, u'title': u'somnath'}
testing logs {u'id': 1, u'title': u'somnath'}
testing logs {u'id': 1, u'title': u'somnath'}
testing logs "{u'id': 1, u'title': u'somnath'}"
testing logs {
	"id": 1,
	"title": "somnath",
	"status":"online"
}
testing logs {
	"id": 1,
	"title": "somnath",
	"status":"online"
}
testing logs {"time":"2014-10-16 03:13:31 UTC","digest":"d93053a1875c034384bb4fb06b20792f","stream":"rtmp://example.com/monitored/stream","status":"offline", "checkpoints": ["New York, USA", "Private Checkpoint"]
}
